[debug] [2020-11-08T08:41:48.231Z] ----------------------------------------------------------------------
[debug] [2020-11-08T08:41:48.233Z] Command:       C:\Program Files\nodejs\node.exe C:\Users\zeesh\AppData\Roaming\npm\node_modules\firebase-tools\lib\bin\firebase.js init
[debug] [2020-11-08T08:41:48.233Z] CLI Version:   8.15.1
[debug] [2020-11-08T08:41:48.234Z] Platform:      win32
[debug] [2020-11-08T08:41:48.234Z] Node Version:  v14.10.1
[debug] [2020-11-08T08:41:48.235Z] Time:          Sun Nov 08 2020 13:41:48 GMT+0500 (Pakistan Standard Time)
[debug] [2020-11-08T08:41:48.235Z] ----------------------------------------------------------------------
[debug] [2020-11-08T08:41:48.235Z] 
[debug] [2020-11-08T08:41:48.248Z] > command requires scopes: ["email","openid","https://www.googleapis.com/auth/cloudplatformprojects.readonly","https://www.googleapis.com/auth/firebase","https://www.googleapis.com/auth/cloud-platform"]
[debug] [2020-11-08T08:41:48.249Z] > authorizing via signed-in user
[info] 
     ######## #### ########  ######## ########     ###     ######  ########
     ##        ##  ##     ## ##       ##     ##  ##   ##  ##       ##
     ######    ##  ########  ######   ########  #########  ######  ######
     ##        ##  ##    ##  ##       ##     ## ##     ##       ## ##
     ##       #### ##     ## ######## ########  ##     ##  ######  ########

You're about to initialize a Firebase project in this directory:

  E:\Bootcamp 2020\spacex

[info] 
=== Project Setup
[info] 
[info] First, let's associate this project directory with a Firebase project.
[info] You can create multiple project aliases by running firebase use --add, 
[info] but for now we'll just set up a default project.
[info] 
